C:\USERS\TASKINCAN\DOCUMENTS\VISUAL STUDIO 2012\PROJECTS\152120121019_VERIYAP1516UYG2\152120121019_VERIYAP1516UYG2\DEBUG\SOURCE.OBJ
C:\USERS\TASKINCAN\DOCUMENTS\VISUAL STUDIO 2012\PROJECTS\152120121019_VERIYAP1516UYG2\152120121019_VERIYAP1516UYG2\DEBUG\VC110.PDB
C:\USERS\TASKINCAN\DOCUMENTS\VISUAL STUDIO 2012\PROJECTS\152120121019_VERIYAP1516UYG2\DEBUG\152120121019_VERIYAP1516UYG2.ILK
C:\USERS\TASKINCAN\DOCUMENTS\VISUAL STUDIO 2012\PROJECTS\152120121019_VERIYAP1516UYG2\DEBUG\152120121019_VERIYAP1516UYG2.EXE
C:\USERS\TASKINCAN\DOCUMENTS\VISUAL STUDIO 2012\PROJECTS\152120121019_VERIYAP1516UYG2\DEBUG\152120121019_VERIYAP1516UYG2.PDB
c:\Users\taskincan\documents\visual studio 2012\Projects\152120121019_VeriYap1516Uyg2\152120121019_VeriYap1516Uyg2\Debug\Source.obj
c:\Users\taskincan\documents\visual studio 2012\Projects\152120121019_VeriYap1516Uyg2\152120121019_VeriYap1516Uyg2\Debug\cl.command.1.tlog
c:\Users\taskincan\documents\visual studio 2012\Projects\152120121019_VeriYap1516Uyg2\152120121019_VeriYap1516Uyg2\Debug\CL.read.1.tlog
c:\Users\taskincan\documents\visual studio 2012\Projects\152120121019_VeriYap1516Uyg2\152120121019_VeriYap1516Uyg2\Debug\CL.write.1.tlog
c:\Users\taskincan\documents\visual studio 2012\Projects\152120121019_VeriYap1516Uyg2\152120121019_VeriYap1516Uyg2\Debug\link-cvtres.read.1.tlog
c:\Users\taskincan\documents\visual studio 2012\Projects\152120121019_VeriYap1516Uyg2\152120121019_VeriYap1516Uyg2\Debug\link-cvtres.write.1.tlog
c:\Users\taskincan\documents\visual studio 2012\Projects\152120121019_VeriYap1516Uyg2\152120121019_VeriYap1516Uyg2\Debug\link-rc.read.1.tlog
c:\Users\taskincan\documents\visual studio 2012\Projects\152120121019_VeriYap1516Uyg2\152120121019_VeriYap1516Uyg2\Debug\link-rc.write.1.tlog
c:\Users\taskincan\documents\visual studio 2012\Projects\152120121019_VeriYap1516Uyg2\152120121019_VeriYap1516Uyg2\Debug\link.4256-cvtres.read.1.tlog
c:\Users\taskincan\documents\visual studio 2012\Projects\152120121019_VeriYap1516Uyg2\152120121019_VeriYap1516Uyg2\Debug\link.4256-cvtres.write.1.tlog
c:\Users\taskincan\documents\visual studio 2012\Projects\152120121019_VeriYap1516Uyg2\152120121019_VeriYap1516Uyg2\Debug\link.4256-rc.read.1.tlog
c:\Users\taskincan\documents\visual studio 2012\Projects\152120121019_VeriYap1516Uyg2\152120121019_VeriYap1516Uyg2\Debug\link.4256-rc.write.1.tlog
c:\Users\taskincan\documents\visual studio 2012\Projects\152120121019_VeriYap1516Uyg2\152120121019_VeriYap1516Uyg2\Debug\link.4256.read.1.tlog
c:\Users\taskincan\documents\visual studio 2012\Projects\152120121019_VeriYap1516Uyg2\152120121019_VeriYap1516Uyg2\Debug\link.4256.write.1.tlog
c:\Users\taskincan\documents\visual studio 2012\Projects\152120121019_VeriYap1516Uyg2\152120121019_VeriYap1516Uyg2\Debug\link.800.read.1.tlog
c:\Users\taskincan\documents\visual studio 2012\Projects\152120121019_VeriYap1516Uyg2\152120121019_VeriYap1516Uyg2\Debug\link.800.write.1.tlog
c:\Users\taskincan\documents\visual studio 2012\Projects\152120121019_VeriYap1516Uyg2\152120121019_VeriYap1516Uyg2\Debug\link.command.1.tlog
c:\Users\taskincan\documents\visual studio 2012\Projects\152120121019_VeriYap1516Uyg2\152120121019_VeriYap1516Uyg2\Debug\link.read.1.tlog
c:\Users\taskincan\documents\visual studio 2012\Projects\152120121019_VeriYap1516Uyg2\152120121019_VeriYap1516Uyg2\Debug\link.write.1.tlog
c:\Users\taskincan\documents\visual studio 2012\Projects\152120121019_VeriYap1516Uyg2\152120121019_VeriYap1516Uyg2\Debug\vc110.idb
c:\Users\taskincan\documents\visual studio 2012\Projects\152120121019_VeriYap1516Uyg2\152120121019_VeriYap1516Uyg2\Debug\vc110.pdb
c:\users\taskincan\documents\visual studio 2012\Projects\152120121019_VeriYap1516Uyg2\Debug\152120121019_VeriYap1516Uyg2.pdb
c:\users\taskincan\documents\visual studio 2012\Projects\152120121019_VeriYap1516Uyg2\Debug\152120121019_VeriYap1516Uyg2.exe
c:\users\taskincan\documents\visual studio 2012\Projects\152120121019_VeriYap1516Uyg2\Debug\152120121019_VeriYap1516Uyg2.ilk
